{
  "0 debug pnpm:scope": {
    "selected": 1,
    "workspacePrefix": "D:\\garron\\garron-vue-template"
  },
  "1 error pnpm": {
    "errno": 1,
    "code": "ELIFECYCLE",
    "pkgid": "garron-vue-template@",
    "stage": "clear",
    "script": "rimraf 'packages/*/node_modules' && rimraf node_modules",
    "pkgname": "garron-vue-template",
    "err": {
      "name": "pnpm",
      "message": "garron-vue-template@ clear: `rimraf 'packages/*/node_modules' && rimraf node_modules`\nExit status 1",
      "code": "ELIFECYCLE",
      "stack": "pnpm: garron-vue-template@ clear: `rimraf 'packages/*/node_modules' && rimraf node_modules`\nExit status 1\n    at EventEmitter.<anonymous> (C:\\Users\\shenyue\\AppData\\Roaming\\npm\\pnpm-global\\5\\node_modules\\.pnpm\\registry.npmmirror.com+pnpm@6.32.6\\node_modules\\pnpm\\dist\\pnpm.cjs:105736:20)\n    at EventEmitter.emit (node:events:390:28)\n    at ChildProcess.<anonymous> (C:\\Users\\shenyue\\AppData\\Roaming\\npm\\pnpm-global\\5\\node_modules\\.pnpm\\registry.npmmirror.com+pnpm@6.32.6\\node_modules\\pnpm\\dist\\pnpm.cjs:92297:18)\n    at ChildProcess.emit (node:events:390:28)\n    at maybeClose (node:internal/child_process:1064:16)\n    at Process.ChildProcess._handle.onexit (node:internal/child_process:301:5)"
    }
  },
  "2 warn pnpm:global": " Local package.json exists, but node_modules missing, did you mean to install?"
}